<?xml version="1.0" encoding="UTF-8"?>
<!-- Generated by org.testng.reporters.JUnitReportReporter -->
<testsuite skipped="0" hostname="RCHENNUB-LAP" name="com.lnkd.qa.testcases.PeopleSearchDDT" tests="4" failures="0" timestamp="05 Feb 2019 01:58:43 GMT" time="51.452" errors="0">
  <testcase name="peopleSearchTest" time="5.556" classname="com.lnkd.qa.testcases.PeopleSearchDDT"/>
  <testcase name="peopleSearchTest" time="36.122" classname="com.lnkd.qa.testcases.PeopleSearchDDT"/>
  <testcase name="peopleSearchTest" time="4.128" classname="com.lnkd.qa.testcases.PeopleSearchDDT"/>
  <testcase name="peopleSearchTest" time="5.646" classname="com.lnkd.qa.testcases.PeopleSearchDDT"/>
</testsuite> <!-- com.lnkd.qa.testcases.PeopleSearchDDT -->
